<?xml version="1.0" encoding="UTF-8"?>
<coverage generated="1670478115058" clover="3.2.0">
  <project timestamp="1670478115058" name="All files">
    <metrics statements="36" coveredstatements="30" conditionals="12" coveredconditionals="12" methods="9" coveredmethods="8" elements="57" coveredelements="50" complexity="0" loc="36" ncloc="36" packages="1" files="1" classes="1"/>
    <file name="LinkedList.js" path="D:\E\prog\Projects\JS-Linked-Lists\LinkedList.js">
      <metrics statements="36" coveredstatements="30" conditionals="12" coveredconditionals="12" methods="9" coveredmethods="8"/>
      <line num="3" count="14" type="stmt"/>
      <line num="4" count="14" type="stmt"/>
      <line num="8" count="37" type="stmt"/>
      <line num="9" count="37" type="stmt"/>
      <line num="10" count="37" type="stmt"/>
      <line num="14" count="12" type="cond" truecount="4" falsecount="0"/>
      <line num="16" count="6" type="stmt"/>
      <line num="17" count="6" type="stmt"/>
      <line num="18" count="7" type="stmt"/>
      <line num="20" count="6" type="stmt"/>
      <line num="23" count="0" type="stmt"/>
      <line num="24" count="0" type="stmt"/>
      <line num="25" count="0" type="stmt"/>
      <line num="26" count="0" type="stmt"/>
      <line num="27" count="0" type="stmt"/>
      <line num="29" count="0" type="stmt"/>
      <line num="32" count="4" type="cond" truecount="2" falsecount="0"/>
      <line num="34" count="3" type="stmt"/>
      <line num="35" count="3" type="cond" truecount="2" falsecount="0"/>
      <line num="37" count="1" type="stmt"/>
      <line num="38" count="1" type="stmt"/>
      <line num="41" count="2" type="stmt"/>
      <line num="42" count="2" type="stmt"/>
      <line num="45" count="4" type="cond" truecount="2" falsecount="0"/>
      <line num="47" count="3" type="stmt"/>
      <line num="48" count="3" type="cond" truecount="2" falsecount="0"/>
      <line num="50" count="1" type="stmt"/>
      <line num="51" count="1" type="stmt"/>
      <line num="57" count="38" type="stmt"/>
      <line num="58" count="38" type="stmt"/>
      <line num="62" count="1" type="stmt"/>
      <line num="63" count="13" type="stmt"/>
      <line num="64" count="13" type="stmt"/>
      <line num="65" count="34" type="stmt"/>
      <line num="67" count="13" type="stmt"/>
      <line num="70" count="1" type="stmt"/>
    </file>
  </project>
</coverage>
