{"D:\\E\\prog\\Projects\\JS-Linked-Lists\\LinkedList.js": {"path":"D:\\E\\prog\\Projects\\JS-Linked-Lists\\LinkedList.js","statementMap":{"0":{"start":{"line":3,"column":8},"end":{"line":3,"column":24}},"1":{"start":{"line":4,"column":8},"end":{"line":4,"column":23}},"2":{"start":{"line":8,"column":24},"end":{"line":8,"column":58}},"3":{"start":{"line":9,"column":8},"end":{"line":9,"column":27}},"4":{"start":{"line":10,"column":8},"end":{"line":10,"column":21}},"5":{"start":{"line":14,"column":8},"end":{"line":14,"column":55}},"6":{"start":{"line":14,"column":44},"end":{"line":14,"column":55}},"7":{"start":{"line":16,"column":22},"end":{"line":16,"column":31}},"8":{"start":{"line":17,"column":8},"end":{"line":19,"column":9}},"9":{"start":{"line":17,"column":21},"end":{"line":17,"column":22}},"10":{"start":{"line":18,"column":12},"end":{"line":18,"column":34}},"11":{"start":{"line":20,"column":8},"end":{"line":20,"column":22}},"12":{"start":{"line":23,"column":21},"end":{"line":23,"column":23}},"13":{"start":{"line":24,"column":22},"end":{"line":24,"column":31}},"14":{"start":{"line":25,"column":8},"end":{"line":28,"column":9}},"15":{"start":{"line":26,"column":12},"end":{"line":26,"column":52}},"16":{"start":{"line":27,"column":12},"end":{"line":27,"column":34}},"17":{"start":{"line":29,"column":8},"end":{"line":29,"column":36}},"18":{"start":{"line":32,"column":8},"end":{"line":32,"column":50}},"19":{"start":{"line":32,"column":24},"end":{"line":32,"column":50}},"20":{"start":{"line":34,"column":30},"end":{"line":34,"column":54}},"21":{"start":{"line":35,"column":8},"end":{"line":35,"column":46}},"22":{"start":{"line":35,"column":35},"end":{"line":35,"column":46}},"23":{"start":{"line":37,"column":8},"end":{"line":37,"column":78}},"24":{"start":{"line":38,"column":8},"end":{"line":38,"column":21}},"25":{"start":{"line":41,"column":8},"end":{"line":41,"column":35}},"26":{"start":{"line":42,"column":8},"end":{"line":42,"column":21}},"27":{"start":{"line":45,"column":8},"end":{"line":45,"column":48}},"28":{"start":{"line":45,"column":24},"end":{"line":45,"column":48}},"29":{"start":{"line":47,"column":30},"end":{"line":47,"column":54}},"30":{"start":{"line":48,"column":8},"end":{"line":48,"column":46}},"31":{"start":{"line":48,"column":35},"end":{"line":48,"column":46}},"32":{"start":{"line":50,"column":8},"end":{"line":50,"column":56}},"33":{"start":{"line":51,"column":8},"end":{"line":51,"column":21}},"34":{"start":{"line":57,"column":8},"end":{"line":57,"column":27}},"35":{"start":{"line":58,"column":8},"end":{"line":58,"column":25}},"36":{"start":{"line":62,"column":0},"end":{"line":68,"column":1}},"37":{"start":{"line":63,"column":15},"end":{"line":63,"column":31}},"38":{"start":{"line":64,"column":4},"end":{"line":66,"column":5}},"39":{"start":{"line":64,"column":17},"end":{"line":64,"column":33}},"40":{"start":{"line":65,"column":8},"end":{"line":65,"column":29}},"41":{"start":{"line":67,"column":4},"end":{"line":67,"column":13}},"42":{"start":{"line":70,"column":0},"end":{"line":70,"column":27}}},"fnMap":{"0":{"name":"(anonymous_0)","decl":{"start":{"line":2,"column":4},"end":{"line":2,"column":5}},"loc":{"start":{"line":2,"column":18},"end":{"line":5,"column":5}},"line":2},"1":{"name":"(anonymous_1)","decl":{"start":{"line":7,"column":4},"end":{"line":7,"column":5}},"loc":{"start":{"line":7,"column":18},"end":{"line":11,"column":5}},"line":7},"2":{"name":"(anonymous_2)","decl":{"start":{"line":13,"column":4},"end":{"line":13,"column":5}},"loc":{"start":{"line":13,"column":22},"end":{"line":21,"column":5}},"line":13},"3":{"name":"(anonymous_3)","decl":{"start":{"line":22,"column":4},"end":{"line":22,"column":5}},"loc":{"start":{"line":22,"column":12},"end":{"line":30,"column":5}},"line":22},"4":{"name":"(anonymous_4)","decl":{"start":{"line":31,"column":4},"end":{"line":31,"column":5}},"loc":{"start":{"line":31,"column":31},"end":{"line":39,"column":5}},"line":31},"5":{"name":"(anonymous_5)","decl":{"start":{"line":40,"column":4},"end":{"line":40,"column":5}},"loc":{"start":{"line":40,"column":17},"end":{"line":43,"column":5}},"line":40},"6":{"name":"(anonymous_6)","decl":{"start":{"line":44,"column":4},"end":{"line":44,"column":5}},"loc":{"start":{"line":44,"column":25},"end":{"line":52,"column":5}},"line":44},"7":{"name":"(anonymous_7)","decl":{"start":{"line":56,"column":4},"end":{"line":56,"column":5}},"loc":{"start":{"line":56,"column":29},"end":{"line":59,"column":5}},"line":56},"8":{"name":"(anonymous_8)","decl":{"start":{"line":62,"column":24},"end":{"line":62,"column":25}},"loc":{"start":{"line":62,"column":44},"end":{"line":68,"column":1}},"line":62}},"branchMap":{"0":{"loc":{"start":{"line":14,"column":8},"end":{"line":14,"column":55}},"type":"if","locations":[{"start":{"line":14,"column":8},"end":{"line":14,"column":55}},{"start":{},"end":{}}],"line":14},"1":{"loc":{"start":{"line":14,"column":12},"end":{"line":14,"column":42}},"type":"binary-expr","locations":[{"start":{"line":14,"column":12},"end":{"line":14,"column":19}},{"start":{"line":14,"column":23},"end":{"line":14,"column":42}}],"line":14},"2":{"loc":{"start":{"line":32,"column":8},"end":{"line":32,"column":50}},"type":"if","locations":[{"start":{"line":32,"column":8},"end":{"line":32,"column":50}},{"start":{},"end":{}}],"line":32},"3":{"loc":{"start":{"line":35,"column":8},"end":{"line":35,"column":46}},"type":"if","locations":[{"start":{"line":35,"column":8},"end":{"line":35,"column":46}},{"start":{},"end":{}}],"line":35},"4":{"loc":{"start":{"line":45,"column":8},"end":{"line":45,"column":48}},"type":"if","locations":[{"start":{"line":45,"column":8},"end":{"line":45,"column":48}},{"start":{},"end":{}}],"line":45},"5":{"loc":{"start":{"line":48,"column":8},"end":{"line":48,"column":46}},"type":"if","locations":[{"start":{"line":48,"column":8},"end":{"line":48,"column":46}},{"start":{},"end":{}}],"line":48}},"s":{"0":14,"1":14,"2":37,"3":37,"4":37,"5":12,"6":6,"7":6,"8":6,"9":6,"10":7,"11":6,"12":0,"13":0,"14":0,"15":0,"16":0,"17":0,"18":4,"19":1,"20":3,"21":3,"22":2,"23":1,"24":1,"25":2,"26":2,"27":4,"28":1,"29":3,"30":3,"31":2,"32":1,"33":1,"34":38,"35":38,"36":1,"37":13,"38":13,"39":13,"40":34,"41":13,"42":1},"f":{"0":14,"1":37,"2":12,"3":0,"4":4,"5":2,"6":4,"7":38,"8":13},"b":{"0":[6,6],"1":[12,9],"2":[1,3],"3":[2,1],"4":[1,3],"5":[2,1]},"_coverageSchema":"1a1c01bbd47fc00a2c39e90264f33305004495a9","hash":"905d234508240743c2791c07bd7ca7aca68e3424"}
}
