TN:
SF:LinkedList.js
FN:2,(anonymous_0)
FN:7,(anonymous_1)
FN:13,(anonymous_2)
FN:22,(anonymous_3)
FN:31,(anonymous_4)
FN:40,(anonymous_5)
FN:44,(anonymous_6)
FN:56,(anonymous_7)
FN:62,(anonymous_8)
FNF:9
FNH:8
FNDA:14,(anonymous_0)
FNDA:37,(anonymous_1)
FNDA:12,(anonymous_2)
FNDA:0,(anonymous_3)
FNDA:4,(anonymous_4)
FNDA:2,(anonymous_5)
FNDA:4,(anonymous_6)
FNDA:38,(anonymous_7)
FNDA:13,(anonymous_8)
DA:3,14
DA:4,14
DA:8,37
DA:9,37
DA:10,37
DA:14,12
DA:16,6
DA:17,6
DA:18,7
DA:20,6
DA:23,0
DA:24,0
DA:25,0
DA:26,0
DA:27,0
DA:29,0
DA:32,4
DA:34,3
DA:35,3
DA:37,1
DA:38,1
DA:41,2
DA:42,2
DA:45,4
DA:47,3
DA:48,3
DA:50,1
DA:51,1
DA:57,38
DA:58,38
DA:62,1
DA:63,13
DA:64,13
DA:65,34
DA:67,13
DA:70,1
LF:36
LH:30
BRDA:14,0,0,6
BRDA:14,0,1,6
BRDA:14,1,0,12
BRDA:14,1,1,9
BRDA:32,2,0,1
BRDA:32,2,1,3
BRDA:35,3,0,2
BRDA:35,3,1,1
BRDA:45,4,0,1
BRDA:45,4,1,3
BRDA:48,5,0,2
BRDA:48,5,1,1
BRF:12
BRH:12
end_of_record
